<?xml version="1.0" encoding="UTF-8"?>
<!-- Generated by org.testng.reporters.JUnitXMLReporter -->
<testsuite hostname="CHNMCT279709L" ignored="1" name="Default test(failed)" tests="1" failures="1" timestamp="04 Aug 2020 14:29:18 GMT" time="3.477" errors="0">
  <testcase name="getTest2" time="3.419" classname="getRequest.GetData">
    <failure type="java.lang.AssertionError" message="expected [201] but found [200]">
      <![CDATA[java.lang.AssertionError: expected [201] but found [200]
at getRequest.GetData.getTest2(GetData.java:24)
... Removed 31 stack frames]]>
    </failure>
  </testcase> <!-- getTest2 -->
  <testcase name="getTest1" time="0.0" classname="getRequest.GetData">
    <ignored/>
  </testcase> <!-- getTest1 -->
</testsuite> <!-- Default test(failed) -->
