<?xml version="1.0" encoding="UTF-8"?>
<testng-results ignored="0" total="1" passed="1" failed="0" skipped="0">
  <reporter-output>
  </reporter-output>
  <suite started-at="2020-08-14T12:15:48Z" name="Default suite" finished-at="2020-08-14T12:15:53Z" duration-ms="4480">
    <groups>
    </groups>
    <test started-at="2020-08-14T12:15:48Z" name="Default test" finished-at="2020-08-14T12:15:53Z" duration-ms="4480">
      <class name="Assertions.HardAssert">
        <test-method signature="test()[pri:0, instance:Assertions.HardAssert@2d9caaeb]" started-at="2020-08-14T12:15:49Z" name="test" finished-at="2020-08-14T12:15:53Z" duration-ms="4435" status="PASS">
          <reporter-output>
          </reporter-output>
        </test-method> <!-- test -->
      </class> <!-- Assertions.HardAssert -->
    </test> <!-- Default test -->
  </suite> <!-- Default suite -->
</testng-results>
